<?xml version="1.0" encoding="UTF-8"?>
<!-- Generated by org.testng.reporters.JUnitXMLReporter -->
<testsuite ignored="4" hostname="DESKTOP-UOSJI6I" failures="0" tests="1" name="Default test" time="75.486" errors="0" timestamp="2022-11-27T20:27:47 IST">
  <testcase classname="com.testcases.ProductPageTest" name="filterOutProductsNameTest" time="60.466"/>
  <testcase classname="com.testcases.ProductPageTest" name="validatingAllAvailableInVerticalListTest" time="0.0">
    <ignored/>
  </testcase> <!-- validatingAllAvailableInVerticalListTest -->
  <testcase classname="com.testcases.ProductPageTest" name="validatingAllAvailableProductsTest" time="0.0">
    <ignored/>
  </testcase> <!-- validatingAllAvailableProductsTest -->
  <testcase classname="com.testcases.ProductPageTest" name="filterOutProductsPriceTest" time="0.0">
    <ignored/>
  </testcase> <!-- filterOutProductsPriceTest -->
  <testcase classname="com.testcases.ProductPageTest" name="dummyTest" time="0.0">
    <ignored/>
  </testcase> <!-- dummyTest -->
</testsuite> <!-- Default test -->
