<?xml version="1.0" encoding="UTF-8"?>
<!-- Generated by org.testng.reporters.JUnitXMLReporter -->
<testsuite ignored="1" hostname="DESKTOP-UOSJI6I" failures="0" tests="1" name="Default test" time="20.018" errors="0" timestamp="2022-08-26T14:50:15 IST">
  <testcase classname="com.testcases.LoginPageTest" name="scrollToElement" time="3.269"/>
  <testcase classname="com.testcases.LoginPageTest" name="loginTest" time="0.0">
    <ignored/>
  </testcase> <!-- loginTest -->
</testsuite> <!-- Default test -->
