<?xml version="1.0" encoding="UTF-8"?>
<testng-results ignored="0" total="1" passed="1" failed="0" skipped="0">
  <reporter-output>
  </reporter-output>
  <suite started-at="2022-10-05T14:35:06 IST" name="Default suite" finished-at="2022-10-05T14:35:52 IST" duration-ms="46487">
    <groups>
    </groups>
    <test started-at="2022-10-05T14:35:06 IST" name="Default test" finished-at="2022-10-05T14:35:52 IST" duration-ms="46487">
      <class name="com.testcases.ProductPageTest">
        <test-method is-config="true" signature="setup()[pri:0, instance:com.testcases.ProductPageTest@58695725]" started-at="2022-10-05T14:35:06 IST" name="setup" finished-at="2022-10-05T14:35:20 IST" duration-ms="14455" status="PASS">
          <reporter-output>
          </reporter-output>
        </test-method> <!-- setup -->
        <test-method signature="validatingAllAvailableProductsTest()[pri:0, instance:com.testcases.ProductPageTest@58695725]" started-at="2022-10-05T14:35:20 IST" name="validatingAllAvailableProductsTest" finished-at="2022-10-05T14:35:52 IST" duration-ms="31648" status="PASS">
          <reporter-output>
          </reporter-output>
        </test-method> <!-- validatingAllAvailableProductsTest -->
        <test-method is-config="true" signature="close()[pri:0, instance:com.testcases.ProductPageTest@58695725]" started-at="2022-10-05T14:35:52 IST" name="close" finished-at="2022-10-05T14:35:52 IST" duration-ms="335" status="PASS">
          <reporter-output>
          </reporter-output>
        </test-method> <!-- close -->
      </class> <!-- com.testcases.ProductPageTest -->
    </test> <!-- Default test -->
  </suite> <!-- Default suite -->
</testng-results>
