<?xml version="1.0" encoding="UTF-8"?>
<testng-results ignored="0" total="5" passed="5" failed="0" skipped="0">
  <reporter-output>
  </reporter-output>
  <suite started-at="2022-08-29T10:51:48 IST" name="Default suite" finished-at="2022-08-29T10:52:27 IST" duration-ms="39213">
    <groups>
    </groups>
    <test started-at="2022-08-29T10:51:48 IST" name="Default test" finished-at="2022-08-29T10:52:27 IST" duration-ms="39213">
      <class name="com.testcases.LoginPageTest">
        <test-method is-config="true" signature="setup()[pri:0, instance:com.testcases.LoginPageTest@52af26ee]" started-at="2022-08-29T10:51:48 IST" name="setup" finished-at="2022-08-29T10:51:58 IST" duration-ms="10368" status="PASS">
          <reporter-output>
          </reporter-output>
        </test-method> <!-- setup -->
        <test-method signature="loginTest(java.lang.String,java.lang.String,java.lang.String)[pri:0, instance:com.testcases.LoginPageTest@52af26ee]" started-at="2022-08-29T10:51:59 IST" name="loginTest" data-provider="provideData" finished-at="2022-08-29T10:52:07 IST" duration-ms="7161" status="PASS">
          <params>
            <param index="0">
              <value>
                <![CDATA[standard_user]]>
              </value>
            </param>
            <param index="1">
              <value>
                <![CDATA[secret_sauce]]>
              </value>
            </param>
            <param index="2">
              <value>
                <![CDATA[positive]]>
              </value>
            </param>
          </params>
          <reporter-output>
          </reporter-output>
        </test-method> <!-- loginTest -->
        <test-method signature="loginTest(java.lang.String,java.lang.String,java.lang.String)[pri:0, instance:com.testcases.LoginPageTest@52af26ee]" started-at="2022-08-29T10:52:07 IST" name="loginTest" data-provider="provideData" finished-at="2022-08-29T10:52:12 IST" duration-ms="5478" status="PASS">
          <params>
            <param index="0">
              <value>
                <![CDATA[locked_out_user]]>
              </value>
            </param>
            <param index="1">
              <value>
                <![CDATA[secret_sauce]]>
              </value>
            </param>
            <param index="2">
              <value>
                <![CDATA[negative]]>
              </value>
            </param>
          </params>
          <reporter-output>
          </reporter-output>
        </test-method> <!-- loginTest -->
        <test-method signature="loginTest(java.lang.String,java.lang.String,java.lang.String)[pri:0, instance:com.testcases.LoginPageTest@52af26ee]" started-at="2022-08-29T10:52:12 IST" name="loginTest" data-provider="provideData" finished-at="2022-08-29T10:52:18 IST" duration-ms="6054" status="PASS">
          <params>
            <param index="0">
              <value>
                <![CDATA[problem_user]]>
              </value>
            </param>
            <param index="1">
              <value>
                <![CDATA[secret_sauce]]>
              </value>
            </param>
            <param index="2">
              <value>
                <![CDATA[positive]]>
              </value>
            </param>
          </params>
          <reporter-output>
          </reporter-output>
        </test-method> <!-- loginTest -->
        <test-method signature="loginTest(java.lang.String,java.lang.String,java.lang.String)[pri:0, instance:com.testcases.LoginPageTest@52af26ee]" started-at="2022-08-29T10:52:18 IST" name="loginTest" data-provider="provideData" finished-at="2022-08-29T10:52:24 IST" duration-ms="5430" status="PASS">
          <params>
            <param index="0">
              <value>
                <![CDATA[performance_glitch_user]]>
              </value>
            </param>
            <param index="1">
              <value>
                <![CDATA[secret_sauce]]>
              </value>
            </param>
            <param index="2">
              <value>
                <![CDATA[negative]]>
              </value>
            </param>
          </params>
          <reporter-output>
          </reporter-output>
        </test-method> <!-- loginTest -->
        <test-method signature="scrollToElement()[pri:0, instance:com.testcases.LoginPageTest@52af26ee]" started-at="2022-08-29T10:52:24 IST" name="scrollToElement" finished-at="2022-08-29T10:52:26 IST" duration-ms="2818" status="PASS">
          <reporter-output>
          </reporter-output>
        </test-method> <!-- scrollToElement -->
        <test-method is-config="true" signature="close()[pri:0, instance:com.testcases.LoginPageTest@52af26ee]" started-at="2022-08-29T10:52:26 IST" name="close" finished-at="2022-08-29T10:52:27 IST" duration-ms="284" status="PASS">
          <reporter-output>
          </reporter-output>
        </test-method> <!-- close -->
      </class> <!-- com.testcases.LoginPageTest -->
    </test> <!-- Default test -->
  </suite> <!-- Default suite -->
</testng-results>
